DEBUG: diff parser start ---- 2023-03-23 20:53:49,121
DEBUG: line_lengths old: 33; new: 1 ---- 2023-03-23 20:53:49,121
DEBUG: -> code[replace] old[1:33] new[1:1] ---- 2023-03-23 20:53:49,121
DEBUG: parse_part from 1 to 1 (to 0 in part parser) ---- 2023-03-23 20:53:49,121
DEBUG: diff parser end ---- 2023-03-23 20:53:49,121
DEBUG: diff parser start ---- 2023-03-23 20:53:49,638
DEBUG: line_lengths old: 1; new: 1 ---- 2023-03-23 20:53:49,638
DEBUG: -> code[replace] old[1:1] new[1:1] ---- 2023-03-23 20:53:49,638
DEBUG: parse_part from 1 to 1 (to 0 in part parser) ---- 2023-03-23 20:53:49,638
DEBUG: diff parser end ---- 2023-03-23 20:53:49,639
DEBUG: diff parser start ---- 2023-03-23 20:53:55,212
DEBUG: line_lengths old: 1; new: 27 ---- 2023-03-23 20:53:55,212
DEBUG: -> code[replace] old[1:1] new[1:27] ---- 2023-03-23 20:53:55,213
DEBUG: parse_part from 1 to 27 (to 26 in part parser) ---- 2023-03-23 20:53:55,215
DEBUG: diff parser end ---- 2023-03-23 20:53:55,215
DEBUG: diff parser start ---- 2023-03-23 20:57:25,491
DEBUG: line_lengths old: 27; new: 61 ---- 2023-03-23 20:57:25,493
DEBUG: -> code[replace] old[1:1] new[1:2] ---- 2023-03-23 20:57:25,494
DEBUG: parse_part from 1 to 2 (to 4 in part parser) ---- 2023-03-23 20:57:25,495
DEBUG: -> code[equal] old[2:3] new[3:4] ---- 2023-03-23 20:57:25,495
DEBUG: parse_part from 3 to 61 (to 60 in part parser) ---- 2023-03-23 20:57:25,506
DEBUG: -> code[replace] old[4:5] new[5:5] ---- 2023-03-23 20:57:25,506
DEBUG: -> code[equal] old[6:6] new[6:6] ---- 2023-03-23 20:57:25,506
DEBUG: -> code[insert] old[7:6] new[7:10] ---- 2023-03-23 20:57:25,506
DEBUG: -> code[equal] old[7:7] new[11:11] ---- 2023-03-23 20:57:25,506
DEBUG: -> code[replace] old[8:8] new[12:13] ---- 2023-03-23 20:57:25,506
DEBUG: -> code[equal] old[9:9] new[14:14] ---- 2023-03-23 20:57:25,506
DEBUG: -> code[insert] old[10:9] new[15:26] ---- 2023-03-23 20:57:25,506
DEBUG: -> code[equal] old[10:10] new[27:27] ---- 2023-03-23 20:57:25,506
DEBUG: -> code[replace] old[11:11] new[28:29] ---- 2023-03-23 20:57:25,506
DEBUG: -> code[equal] old[12:12] new[30:30] ---- 2023-03-23 20:57:25,506
DEBUG: -> code[replace] old[13:27] new[31:61] ---- 2023-03-23 20:57:25,507
DEBUG: diff parser end ---- 2023-03-23 20:57:25,507
DEBUG: diff parser start ---- 2023-03-23 20:57:27,868
DEBUG: line_lengths old: 61; new: 61 ---- 2023-03-23 20:57:27,868
DEBUG: -> code[equal] old[1:60] new[1:60] ---- 2023-03-23 20:57:27,868
DEBUG: copy old[1:60] new[1:7] ---- 2023-03-23 20:57:27,868
DEBUG: parse_part from 8 to 61 (to 60 in part parser) ---- 2023-03-23 20:57:27,871
DEBUG: -> code[replace] old[61:61] new[61:61] ---- 2023-03-23 20:57:27,871
DEBUG: diff parser end ---- 2023-03-23 20:57:27,871
DEBUG: diff parser start ---- 2023-03-23 21:08:13,714
DEBUG: line_lengths old: 61; new: 36 ---- 2023-03-23 21:08:13,714
DEBUG: -> code[replace] old[1:2] new[1:30] ---- 2023-03-23 21:08:13,715
DEBUG: parse_part from 1 to 30 (to 35 in part parser) ---- 2023-03-23 21:08:13,719
DEBUG: -> code[equal] old[3:4] new[31:32] ---- 2023-03-23 21:08:13,720
DEBUG: parse_part from 31 to 36 (to 35 in part parser) ---- 2023-03-23 21:08:13,720
DEBUG: -> code[delete] old[5:5] new[33:32] ---- 2023-03-23 21:08:13,720
DEBUG: -> code[equal] old[6:6] new[33:33] ---- 2023-03-23 21:08:13,720
DEBUG: -> code[delete] old[7:10] new[34:33] ---- 2023-03-23 21:08:13,720
DEBUG: -> code[equal] old[11:11] new[34:34] ---- 2023-03-23 21:08:13,720
DEBUG: -> code[delete] old[12:13] new[35:34] ---- 2023-03-23 21:08:13,720
DEBUG: -> code[equal] old[14:14] new[35:35] ---- 2023-03-23 21:08:13,720
DEBUG: -> code[replace] old[15:61] new[36:36] ---- 2023-03-23 21:08:13,720
DEBUG: diff parser end ---- 2023-03-23 21:08:13,720
DEBUG: diff parser start ---- 2023-03-23 21:10:43,933
DEBUG: line_lengths old: 36; new: 35 ---- 2023-03-23 21:10:43,935
DEBUG: -> code[equal] old[1:32] new[1:32] ---- 2023-03-23 21:10:43,935
DEBUG: copy old[2:30] new[1:30] ---- 2023-03-23 21:10:43,935
DEBUG: parse_part from 31 to 32 (to 32 in part parser) ---- 2023-03-23 21:10:43,936
DEBUG: -> code[replace] old[33:36] new[33:35] ---- 2023-03-23 21:10:43,937
DEBUG: parse_part from 33 to 35 (to 34 in part parser) ---- 2023-03-23 21:10:43,938
DEBUG: diff parser end ---- 2023-03-23 21:10:43,938
DEBUG: diff parser start ---- 2023-03-23 21:13:16,521
DEBUG: line_lengths old: 35; new: 42 ---- 2023-03-23 21:13:16,521
DEBUG: -> code[equal] old[1:34] new[1:34] ---- 2023-03-23 21:13:16,521
DEBUG: copy old[2:30] new[1:30] ---- 2023-03-23 21:13:16,522
DEBUG: parse_part from 31 to 32 (to 32 in part parser) ---- 2023-03-23 21:13:16,523
DEBUG: parse_part from 33 to 42 (to 41 in part parser) ---- 2023-03-23 21:13:16,526
DEBUG: -> code[replace] old[35:35] new[35:42] ---- 2023-03-23 21:13:16,526
DEBUG: diff parser end ---- 2023-03-23 21:13:16,527
DEBUG: diff parser start ---- 2023-03-23 21:19:22,451
DEBUG: line_lengths old: 42; new: 3 ---- 2023-03-23 21:19:22,452
DEBUG: -> code[insert] old[1:0] new[1:1] ---- 2023-03-23 21:19:22,452
DEBUG: parse_part from 1 to 1 (to 2 in part parser) ---- 2023-03-23 21:19:22,453
DEBUG: -> code[equal] old[1:1] new[2:2] ---- 2023-03-23 21:19:22,453
DEBUG: parse_part from 2 to 3 (to 2 in part parser) ---- 2023-03-23 21:19:22,454
DEBUG: -> code[replace] old[2:42] new[3:3] ---- 2023-03-23 21:19:22,454
DEBUG: diff parser end ---- 2023-03-23 21:19:22,454
DEBUG: diff parser start ---- 2023-03-23 21:20:55,669
DEBUG: line_lengths old: 3; new: 51 ---- 2023-03-23 21:20:55,669
DEBUG: -> code[delete] old[1:1] new[1:0] ---- 2023-03-23 21:20:55,669
DEBUG: -> code[equal] old[2:2] new[1:1] ---- 2023-03-23 21:20:55,669
DEBUG: parse_part from 1 to 6 (to 7 in part parser) ---- 2023-03-23 21:20:55,670
DEBUG: -> code[replace] old[3:3] new[2:51] ---- 2023-03-23 21:20:55,670
DEBUG: parse_part from 7 to 51 (to 50 in part parser) ---- 2023-03-23 21:20:55,675
DEBUG: diff parser end ---- 2023-03-23 21:20:55,675
DEBUG: diff parser start ---- 2023-03-23 21:24:15,987
DEBUG: line_lengths old: 51; new: 44 ---- 2023-03-23 21:24:15,988
DEBUG: -> code[insert] old[1:0] new[1:2] ---- 2023-03-23 21:24:15,988
DEBUG: parse_part from 1 to 8 (to 9 in part parser) ---- 2023-03-23 21:24:15,988
DEBUG: -> code[equal] old[1:34] new[3:36] ---- 2023-03-23 21:24:15,988
DEBUG: copy old[8:30] new[9:32] ---- 2023-03-23 21:24:15,988
DEBUG: parse_part from 33 to 34 (to 34 in part parser) ---- 2023-03-23 21:24:15,988
DEBUG: parse_part from 35 to 44 (to 43 in part parser) ---- 2023-03-23 21:24:15,988
DEBUG: -> code[replace] old[35:35] new[37:37] ---- 2023-03-23 21:24:15,988
DEBUG: -> code[equal] old[36:38] new[38:40] ---- 2023-03-23 21:24:15,988
DEBUG: -> code[insert] old[39:38] new[41:41] ---- 2023-03-23 21:24:15,988
DEBUG: -> code[equal] old[39:40] new[42:43] ---- 2023-03-23 21:24:15,988
DEBUG: -> code[replace] old[41:51] new[44:44] ---- 2023-03-23 21:24:15,988
DEBUG: diff parser end ---- 2023-03-23 21:24:15,988
DEBUG: diff parser start ---- 2023-03-23 21:24:18,798
DEBUG: line_lengths old: 44; new: 44 ---- 2023-03-23 21:24:18,798
DEBUG: -> code[equal] old[1:43] new[1:43] ---- 2023-03-23 21:24:18,798
DEBUG: copy old[1:43] new[1:41] ---- 2023-03-23 21:24:18,798
DEBUG: parse_part from 42 to 44 (to 43 in part parser) ---- 2023-03-23 21:24:18,799
DEBUG: -> code[replace] old[44:44] new[44:44] ---- 2023-03-23 21:24:18,799
DEBUG: diff parser end ---- 2023-03-23 21:24:18,799
DEBUG: diff parser start ---- 2023-03-23 21:35:13,306
DEBUG: line_lengths old: 44; new: 62 ---- 2023-03-23 21:35:13,307
DEBUG: -> code[equal] old[1:35] new[1:35] ---- 2023-03-23 21:35:13,307
DEBUG: copy old[1:32] new[1:32] ---- 2023-03-23 21:35:13,307
DEBUG: parse_part from 33 to 34 (to 34 in part parser) ---- 2023-03-23 21:35:13,308
DEBUG: parse_part from 35 to 62 (to 61 in part parser) ---- 2023-03-23 21:35:13,314
DEBUG: -> code[insert] old[36:35] new[36:37] ---- 2023-03-23 21:35:13,314
DEBUG: -> code[equal] old[36:36] new[38:38] ---- 2023-03-23 21:35:13,314
DEBUG: -> code[replace] old[37:39] new[39:40] ---- 2023-03-23 21:35:13,314
DEBUG: -> code[equal] old[40:41] new[41:42] ---- 2023-03-23 21:35:13,314
DEBUG: -> code[replace] old[42:42] new[43:43] ---- 2023-03-23 21:35:13,314
DEBUG: -> code[equal] old[43:43] new[44:44] ---- 2023-03-23 21:35:13,314
DEBUG: -> code[replace] old[44:44] new[45:62] ---- 2023-03-23 21:35:13,315
DEBUG: diff parser end ---- 2023-03-23 21:35:13,315
DEBUG: diff parser start ---- 2023-03-23 21:35:14,734
DEBUG: line_lengths old: 62; new: 62 ---- 2023-03-23 21:35:14,735
DEBUG: -> code[equal] old[1:61] new[1:61] ---- 2023-03-23 21:35:14,735
DEBUG: copy old[1:61] new[1:59] ---- 2023-03-23 21:35:14,736
DEBUG: parse_part from 60 to 62 (to 61 in part parser) ---- 2023-03-23 21:35:14,738
DEBUG: -> code[replace] old[62:62] new[62:62] ---- 2023-03-23 21:35:14,739
DEBUG: diff parser end ---- 2023-03-23 21:35:14,739
DEBUG: diff parser start ---- 2023-03-23 21:37:00,414
DEBUG: line_lengths old: 62; new: 69 ---- 2023-03-23 21:37:00,415
DEBUG: -> code[equal] old[1:60] new[1:60] ---- 2023-03-23 21:37:00,415
DEBUG: copy old[1:61] new[1:59] ---- 2023-03-23 21:37:00,417
DEBUG: parse_part from 60 to 64 (to 65 in part parser) ---- 2023-03-23 21:37:00,419
DEBUG: -> code[replace] old[61:62] new[61:69] ---- 2023-03-23 21:37:00,419
DEBUG: parse_part from 65 to 69 (to 68 in part parser) ---- 2023-03-23 21:37:00,420
DEBUG: diff parser end ---- 2023-03-23 21:37:00,420
DEBUG: diff parser start ---- 2023-03-23 21:37:09,951
DEBUG: line_lengths old: 69; new: 71 ---- 2023-03-23 21:37:09,952
DEBUG: -> code[equal] old[1:68] new[1:68] ---- 2023-03-23 21:37:09,952
DEBUG: copy old[1:68] new[1:66] ---- 2023-03-23 21:37:09,953
DEBUG: parse_part from 67 to 71 (to 70 in part parser) ---- 2023-03-23 21:37:09,954
DEBUG: -> code[replace] old[69:69] new[69:71] ---- 2023-03-23 21:37:09,954
DEBUG: diff parser end ---- 2023-03-23 21:37:09,955
DEBUG: diff parser start ---- 2023-03-23 21:37:30,217
DEBUG: line_lengths old: 71; new: 71 ---- 2023-03-23 21:37:30,217
DEBUG: -> code[equal] old[1:65] new[1:65] ---- 2023-03-23 21:37:30,217
DEBUG: copy old[1:70] new[1:64] ---- 2023-03-23 21:37:30,217
DEBUG: parse_part from 65 to 66 (to 67 in part parser) ---- 2023-03-23 21:37:30,217
DEBUG: -> code[replace] old[66:66] new[66:66] ---- 2023-03-23 21:37:30,217
DEBUG: -> code[equal] old[67:68] new[67:68] ---- 2023-03-23 21:37:30,217
DEBUG: parse_part from 67 to 71 (to 70 in part parser) ---- 2023-03-23 21:37:30,217
DEBUG: -> code[replace] old[69:69] new[69:69] ---- 2023-03-23 21:37:30,217
DEBUG: -> code[equal] old[70:70] new[70:70] ---- 2023-03-23 21:37:30,217
DEBUG: -> code[replace] old[71:71] new[71:71] ---- 2023-03-23 21:37:30,217
DEBUG: diff parser end ---- 2023-03-23 21:37:30,217
DEBUG: diff parser start ---- 2023-03-23 21:37:37,592
DEBUG: line_lengths old: 71; new: 72 ---- 2023-03-23 21:37:37,593
DEBUG: -> code[equal] old[1:70] new[1:70] ---- 2023-03-23 21:37:37,593
DEBUG: copy old[1:70] new[1:66] ---- 2023-03-23 21:37:37,594
DEBUG: parse_part from 67 to 71 (to 71 in part parser) ---- 2023-03-23 21:37:37,596
DEBUG: -> code[replace] old[71:71] new[71:72] ---- 2023-03-23 21:37:37,597
DEBUG: parse_part from 72 to 72 (to 71 in part parser) ---- 2023-03-23 21:37:37,598
DEBUG: diff parser end ---- 2023-03-23 21:37:37,598
DEBUG: diff parser start ---- 2023-03-23 21:44:23,889
DEBUG: line_lengths old: 72; new: 5 ---- 2023-03-23 21:44:23,890
DEBUG: -> code[replace] old[1:1] new[1:1] ---- 2023-03-23 21:44:23,890
DEBUG: parse_part from 1 to 1 (to 2 in part parser) ---- 2023-03-23 21:44:23,890
DEBUG: -> code[equal] old[2:2] new[2:2] ---- 2023-03-23 21:44:23,890
DEBUG: parse_part from 2 to 3 (to 4 in part parser) ---- 2023-03-23 21:44:23,891
DEBUG: -> code[insert] old[3:2] new[3:3] ---- 2023-03-23 21:44:23,891
DEBUG: -> code[equal] old[3:3] new[4:4] ---- 2023-03-23 21:44:23,891
DEBUG: parse_part from 4 to 5 (to 4 in part parser) ---- 2023-03-23 21:44:23,891
DEBUG: -> code[replace] old[4:72] new[5:5] ---- 2023-03-23 21:44:23,891
DEBUG: diff parser end ---- 2023-03-23 21:44:23,892
DEBUG: diff parser start ---- 2023-03-23 21:45:40,048
DEBUG: line_lengths old: 5; new: 42 ---- 2023-03-23 21:45:40,048
DEBUG: -> code[replace] old[1:1] new[1:1] ---- 2023-03-23 21:45:40,048
DEBUG: parse_part from 1 to 1 (to 3 in part parser) ---- 2023-03-23 21:45:40,049
DEBUG: -> code[equal] old[2:2] new[2:2] ---- 2023-03-23 21:45:40,049
DEBUG: parse_part from 2 to 8 (to 9 in part parser) ---- 2023-03-23 21:45:40,049
DEBUG: -> code[delete] old[3:3] new[3:2] ---- 2023-03-23 21:45:40,049
DEBUG: -> code[equal] old[4:4] new[3:3] ---- 2023-03-23 21:45:40,049
DEBUG: -> code[replace] old[5:5] new[4:42] ---- 2023-03-23 21:45:40,050
DEBUG: parse_part from 9 to 42 (to 41 in part parser) ---- 2023-03-23 21:45:40,053
DEBUG: diff parser end ---- 2023-03-23 21:45:40,053
